{"name": "Verify login functionality", "status": "broken", "statusDetails": {"message": "selenium.common.exceptions.ElementNotInteractableException: Message: element not interactable\n  (Session info: chrome=98.0.4758.81)\nStacktrace:\nBacktrace:\n\tOrdinal0 [0x01007AC3+2587331]\n\tOrdinal0 [0x00F9ADD1+2141649]\n\tOrdinal0 [0x00E93A80+1063552]\n\tOrdinal0 [0x00EC10DE+1249502]\n\tOrdinal0 [0x00EB6DD3+1207763]\n\tOrdinal0 [0x00ED868C+1345164]\n\tOrdinal0 [0x00EB67A4+1206180]\n\tOrdinal0 [0x00ED87E4+1345508]\n\tOrdinal0 [0x00EE8A0A+1411594]\n\tOrdinal0 [0x00ED84A6+1344678]\n\tOrdinal0 [0x00EB53F6+1201142]\n\tOrdinal0 [0x00EB62E6+1204966]\n\tGetHandleVerifier [0x011ADF22+1680738]\n\tGetHandleVerifier [0x01260DBC+2413564]\n\tGetHandleVerifier [0x0109D151+563089]\n\tGetHandleVerifier [0x0109BF13+558419]\n\tOrdinal0 [0x00FA081E+2164766]\n\tOrdinal0 [0x00FA5508+2184456]\n\tOrdinal0 [0x00FA5650+2184784]\n\tOrdinal0 [0x00FAF5BC+2225596]\n\tBaseThreadInitThunk [0x76E46739+25]\n\tRtlGetFullPathName_UEx [0x77E38AFF+1215]\n\tRtlGetFullPathName_UEx [0x77E38ACD+1165]\n\n", "trace": "  File \"C:\\Users\\Manesh\\AppData\\Roaming\\Python\\Python310\\site-packages\\behave\\model.py\", line 1329, in run\n    match.run(runner.context)\n  File \"C:\\Users\\Manesh\\AppData\\Roaming\\Python\\Python310\\site-packages\\behave\\matchers.py\", line 98, in run\n    self.func(context, *args, **kwargs)\n  File \"Features\\steps\\HomePageS.py\", line 38, in step_impl\n    hpage.clickOnLogin()\n  File \"C:\\FutureGWebApp\\Pages\\HomePage.py\", line 29, in clickOnLogin\n    self.wait.until(expected_conditions.presence_of_element_located((By.XPATH, self.login_link_inner))).click()\n  File \"C:\\Users\\Manesh\\AppData\\Roaming\\Python\\Python310\\site-packages\\selenium\\webdriver\\remote\\webelement.py\", line 81, in click\n    self._execute(Command.CLICK_ELEMENT)\n  File \"C:\\Users\\Manesh\\AppData\\Roaming\\Python\\Python310\\site-packages\\selenium\\webdriver\\remote\\webelement.py\", line 710, in _execute\n    return self._parent.execute(command, params)\n  File \"C:\\Users\\Manesh\\AppData\\Roaming\\Python\\Python310\\site-packages\\selenium\\webdriver\\remote\\webdriver.py\", line 424, in execute\n    self.error_handler.check_response(response)\n  File \"C:\\Users\\Manesh\\AppData\\Roaming\\Python\\Python310\\site-packages\\selenium\\webdriver\\remote\\errorhandler.py\", line 247, in check_response\n    raise exception_class(message, screen, stacktrace)\n"}, "steps": [{"name": "Given Launch the App", "status": "passed", "attachments": [{"name": "AmazonLoginTest", "source": "49eb693a-a405-49a2-aa36-f3d20430b009-attachment.png", "type": "image/png"}], "start": 1644085426547, "stop": 1644085431849}, {"name": "When Verify page title", "status": "broken", "statusDetails": {"message": "selenium.common.exceptions.ElementNotInteractableException: Message: element not interactable\n  (Session info: chrome=98.0.4758.81)\nStacktrace:\nBacktrace:\n\tOrdinal0 [0x01007AC3+2587331]\n\tOrdinal0 [0x00F9ADD1+2141649]\n\tOrdinal0 [0x00E93A80+1063552]\n\tOrdinal0 [0x00EC10DE+1249502]\n\tOrdinal0 [0x00EB6DD3+1207763]\n\tOrdinal0 [0x00ED868C+1345164]\n\tOrdinal0 [0x00EB67A4+1206180]\n\tOrdinal0 [0x00ED87E4+1345508]\n\tOrdinal0 [0x00EE8A0A+1411594]\n\tOrdinal0 [0x00ED84A6+1344678]\n\tOrdinal0 [0x00EB53F6+1201142]\n\tOrdinal0 [0x00EB62E6+1204966]\n\tGetHandleVerifier [0x011ADF22+1680738]\n\tGetHandleVerifier [0x01260DBC+2413564]\n\tGetHandleVerifier [0x0109D151+563089]\n\tGetHandleVerifier [0x0109BF13+558419]\n\tOrdinal0 [0x00FA081E+2164766]\n\tOrdinal0 [0x00FA5508+2184456]\n\tOrdinal0 [0x00FA5650+2184784]\n\tOrdinal0 [0x00FAF5BC+2225596]\n\tBaseThreadInitThunk [0x76E46739+25]\n\tRtlGetFullPathName_UEx [0x77E38AFF+1215]\n\tRtlGetFullPathName_UEx [0x77E38ACD+1165]\n\n", "trace": "  File \"C:\\Users\\Manesh\\AppData\\Roaming\\Python\\Python310\\site-packages\\behave\\model.py\", line 1329, in run\n    match.run(runner.context)\n  File \"C:\\Users\\Manesh\\AppData\\Roaming\\Python\\Python310\\site-packages\\behave\\matchers.py\", line 98, in run\n    self.func(context, *args, **kwargs)\n  File \"Features\\steps\\HomePageS.py\", line 38, in step_impl\n    hpage.clickOnLogin()\n  File \"C:\\FutureGWebApp\\Pages\\HomePage.py\", line 29, in clickOnLogin\n    self.wait.until(expected_conditions.presence_of_element_located((By.XPATH, self.login_link_inner))).click()\n  File \"C:\\Users\\Manesh\\AppData\\Roaming\\Python\\Python310\\site-packages\\selenium\\webdriver\\remote\\webelement.py\", line 81, in click\n    self._execute(Command.CLICK_ELEMENT)\n  File \"C:\\Users\\Manesh\\AppData\\Roaming\\Python\\Python310\\site-packages\\selenium\\webdriver\\remote\\webelement.py\", line 710, in _execute\n    return self._parent.execute(command, params)\n  File \"C:\\Users\\Manesh\\AppData\\Roaming\\Python\\Python310\\site-packages\\selenium\\webdriver\\remote\\webdriver.py\", line 424, in execute\n    self.error_handler.check_response(response)\n  File \"C:\\Users\\Manesh\\AppData\\Roaming\\Python\\Python310\\site-packages\\selenium\\webdriver\\remote\\errorhandler.py\", line 247, in check_response\n    raise exception_class(message, screen, stacktrace)\n"}, "start": 1644085431849, "stop": 1644085440205}, {"name": "And close the browser", "status": "skipped", "start": 1644085440205, "stop": 1644085440205}], "start": 1644085426547, "stop": 1644085440205, "uuid": "6fc1621d-8117-4bfb-9ef0-3375d89c2d59", "historyId": "e243e532303b1faea8e766cbeba2a7c9", "fullName": "Amazon: Verify login functionality", "labels": [{"name": "severity", "value": "normal"}, {"name": "tag", "value": "all"}, {"name": "tag", "value": "smoke"}, {"name": "feature", "value": "Amazon"}, {"name": "framework", "value": "behave"}, {"name": "language", "value": "cpython3"}]}